2019-09-03 09:46:47,671 [main] INFO Virtual Facility - ******** I am a chrome browser*********
2019-09-03 09:47:17,393 [main] INFO Virtual Facility - ******** I am a chrome browser*********
2019-09-03 09:47:30,154 [main] INFO Virtual Facility - ******** User Able to Click BNB_BTC Link *********
2019-09-03 09:47:30,438 [main] INFO Virtual Facility - ******** User Able to Click BNB_BTC Link successfully *********
2019-09-03 09:47:30,438 [main] INFO Virtual Facility - ******** User Able to verify Stock Chart *********
2019-09-03 09:47:33,634 [main] INFO Virtual Facility - ******** User Able to verify Stock Chart successfully *********
2019-09-03 09:47:33,635 [main] INFO Virtual Facility - ******** User Able to verify Stock limit *********
2019-09-03 09:47:33,709 [main] INFO Virtual Facility - ******** User Able to verify Stock limit successfully *********
2019-09-03 09:47:33,714 [main] INFO Virtual Facility - ******** User Able to verify market limit *********
2019-09-03 09:47:33,757 [main] INFO Virtual Facility - ******** User Able to verify market limit successfully*********
2019-09-03 09:47:33,758 [main] INFO Virtual Facility - ******** User Able to verify 24h price Changing *********
2019-09-03 09:48:04,739 [main] INFO Virtual Facility - ******** I am a chrome browser*********
2019-09-03 09:48:15,056 [main] INFO Virtual Facility - ******** User Able to enter price *********
2019-09-03 09:48:19,588 [main] INFO Virtual Facility - ******** User Able to enter price successfully*********
2019-09-03 09:48:19,589 [main] INFO Virtual Facility - ******** User Able to enter Stock Quantity *********
2019-09-03 09:48:19,887 [main] INFO Virtual Facility - ******** User Able to enter Stock Quantity successfully *********
2019-09-03 09:48:19,887 [main] INFO Virtual Facility - ******** User Able to enter total amount *********
2019-09-03 09:48:20,430 [main] INFO Virtual Facility - ******** User Able to enter total amount successfully *********
2019-09-03 09:48:20,430 [main] INFO Virtual Facility - ******** User Able to Click on login button *********
2019-09-03 09:48:20,648 [main] INFO Virtual Facility - ******** User Able to Click on login button successfully*********
2019-09-03 09:48:20,648 [main] INFO Virtual Facility - ******** User Able to verify login box page appear *********
2019-09-03 09:48:23,126 [main] INFO Virtual Facility - ******** User Able to verify login box page appear successfully*********
2019-09-03 09:48:23,127 [main] INFO Virtual Facility - ******** User Able to verify login page title *********
2019-09-03 09:48:23,187 [main] INFO Virtual Facility - ******** User Able to verify login page title successfully*********
